<?xml version="1.0" encoding="UTF-8"?>
<!-- Generated by org.testng.reporters.JUnitReportReporter -->
<testsuite hostname="PC156956" name="com.ClearTrip.TestCases.FlightBooking" tests="1" failures="0" timestamp="23 Mar 2017 10:51:27 GMT" time="35.964" errors="0">
  <testcase name="flightBooking" time="35.964" classname="com.ClearTrip.TestCases.FlightBooking"/>
</testsuite> <!-- com.ClearTrip.TestCases.FlightBooking -->
